Determining size of off64_t failed with the following output:
Change Dir: E:/2nd Year/Graphics/Project/Jumanji/Jumanji/build/CMakeFiles/CMakeTmp

Run Build Command:"C:/Program Files (x86)/MSBuild/14.0/bin/MSBuild.exe" "cmTC_09262.vcxproj" "/p:Configuration=Debug" "/p:VisualStudioVersion=14.0"
Microsoft (R) Build Engine version 14.0.25420.1
Copyright (C) Microsoft Corporation. All rights reserved.

Build started 12/1/2017 8:34:35 PM.
Project "E:\2nd Year\Graphics\Project\Jumanji\Jumanji\build\CMakeFiles\CMakeTmp\cmTC_09262.vcxproj" on node 1 (default targets).
PrepareForBuild:
  Creating directory "cmTC_09262.dir\Debug\".
  Creating directory "E:\2nd Year\Graphics\Project\Jumanji\Jumanji\build\CMakeFiles\CMakeTmp\Debug\".
  Creating directory "cmTC_09262.dir\Debug\cmTC_09262.tlog\".
InitializeBuildStatus:
  Creating "cmTC_09262.dir\Debug\cmTC_09262.tlog\unsuccessfulbuild" because "AlwaysCreate" was specified.
ClCompile:
  C:\Program Files (x86)\Microsoft Visual Studio 14.0\VC\bin\x86_amd64\CL.exe /c /Zi /W3 /WX- /Od /Ob0 /D WIN32 /D _WINDOWS /D _LARGEFILE64_SOURCE=1 /D HAVE_SYS_TYPES_H /D HAVE_STDINT_H /D HAVE_STDDEF_H /D "CMAKE_INTDIR=\"Debug\"" /D _MBCS /Gm- /RTC1 /MDd /GS /fp:precise /Zc:wchar_t /Zc:forScope /Zc:inline /Fo"cmTC_09262.dir\Debug\\" /Fd"cmTC_09262.dir\Debug\vc140.pdb" /Gd /TC /errorReport:queue "E:\2nd Year\Graphics\Project\Jumanji\Jumanji\build\CMakeFiles\CheckTypeSize\OFF64_T.c"
  Microsoft (R) C/C++ Optimizing Compiler Version 19.00.24215.1 for x64
  Copyright (C) Microsoft Corporation.  All rights reserved.
  
  cl /c /Zi /W3 /WX- /Od /Ob0 /D WIN32 /D _WINDOWS /D _LARGEFILE64_SOURCE=1 /D HAVE_SYS_TYPES_H /D HAVE_STDINT_H /D HAVE_STDDEF_H /D "CMAKE_INTDIR=\"Debug\"" /D _MBCS /Gm- /RTC1 /MDd /GS /fp:precise /Zc:wchar_t /Zc:forScope /Zc:inline /Fo"cmTC_09262.dir\Debug\\" /Fd"cmTC_09262.dir\Debug\vc140.pdb" /Gd /TC /errorReport:queue "E:\2nd Year\Graphics\Project\Jumanji\Jumanji\build\CMakeFiles\CheckTypeSize\OFF64_T.c"
  
  OFF64_T.c
E:\2nd Year\Graphics\Project\Jumanji\Jumanji\build\CMakeFiles\CheckTypeSize\OFF64_T.c(25): error C2065: 'off64_t': undeclared identifier [E:\2nd Year\Graphics\Project\Jumanji\Jumanji\build\CMakeFiles\CMakeTmp\cmTC_09262.vcxproj]
E:\2nd Year\Graphics\Project\Jumanji\Jumanji\build\CMakeFiles\CheckTypeSize\OFF64_T.c(26): error C2065: 'off64_t': undeclared identifier [E:\2nd Year\Graphics\Project\Jumanji\Jumanji\build\CMakeFiles\CMakeTmp\cmTC_09262.vcxproj]
E:\2nd Year\Graphics\Project\Jumanji\Jumanji\build\CMakeFiles\CheckTypeSize\OFF64_T.c(27): error C2065: 'off64_t': undeclared identifier [E:\2nd Year\Graphics\Project\Jumanji\Jumanji\build\CMakeFiles\CMakeTmp\cmTC_09262.vcxproj]
E:\2nd Year\Graphics\Project\Jumanji\Jumanji\build\CMakeFiles\CheckTypeSize\OFF64_T.c(28): error C2065: 'off64_t': undeclared identifier [E:\2nd Year\Graphics\Project\Jumanji\Jumanji\build\CMakeFiles\CMakeTmp\cmTC_09262.vcxproj]
E:\2nd Year\Graphics\Project\Jumanji\Jumanji\build\CMakeFiles\CheckTypeSize\OFF64_T.c(29): error C2065: 'off64_t': undeclared identifier [E:\2nd Year\Graphics\Project\Jumanji\Jumanji\build\CMakeFiles\CMakeTmp\cmTC_09262.vcxproj]
Done Building Project "E:\2nd Year\Graphics\Project\Jumanji\Jumanji\build\CMakeFiles\CMakeTmp\cmTC_09262.vcxproj" (default targets) -- FAILED.

Build FAILED.

"E:\2nd Year\Graphics\Project\Jumanji\Jumanji\build\CMakeFiles\CMakeTmp\cmTC_09262.vcxproj" (default target) (1) ->
(ClCompile target) -> 
  E:\2nd Year\Graphics\Project\Jumanji\Jumanji\build\CMakeFiles\CheckTypeSize\OFF64_T.c(25): error C2065: 'off64_t': undeclared identifier [E:\2nd Year\Graphics\Project\Jumanji\Jumanji\build\CMakeFiles\CMakeTmp\cmTC_09262.vcxproj]
  E:\2nd Year\Graphics\Project\Jumanji\Jumanji\build\CMakeFiles\CheckTypeSize\OFF64_T.c(26): error C2065: 'off64_t': undeclared identifier [E:\2nd Year\Graphics\Project\Jumanji\Jumanji\build\CMakeFiles\CMakeTmp\cmTC_09262.vcxproj]
  E:\2nd Year\Graphics\Project\Jumanji\Jumanji\build\CMakeFiles\CheckTypeSize\OFF64_T.c(27): error C2065: 'off64_t': undeclared identifier [E:\2nd Year\Graphics\Project\Jumanji\Jumanji\build\CMakeFiles\CMakeTmp\cmTC_09262.vcxproj]
  E:\2nd Year\Graphics\Project\Jumanji\Jumanji\build\CMakeFiles\CheckTypeSize\OFF64_T.c(28): error C2065: 'off64_t': undeclared identifier [E:\2nd Year\Graphics\Project\Jumanji\Jumanji\build\CMakeFiles\CMakeTmp\cmTC_09262.vcxproj]
  E:\2nd Year\Graphics\Project\Jumanji\Jumanji\build\CMakeFiles\CheckTypeSize\OFF64_T.c(29): error C2065: 'off64_t': undeclared identifier [E:\2nd Year\Graphics\Project\Jumanji\Jumanji\build\CMakeFiles\CMakeTmp\cmTC_09262.vcxproj]

    0 Warning(s)
    5 Error(s)

Time Elapsed 00:00:00.80

E:/2nd Year/Graphics/Project/Jumanji/Jumanji/build/CMakeFiles/CheckTypeSize/OFF64_T.c:
#include <sys/types.h>
#include <stdint.h>
#include <stddef.h>


#undef KEY
#if defined(__i386)
# define KEY '_','_','i','3','8','6'
#elif defined(__x86_64)
# define KEY '_','_','x','8','6','_','6','4'
#elif defined(__ppc__)
# define KEY '_','_','p','p','c','_','_'
#elif defined(__ppc64__)
# define KEY '_','_','p','p','c','6','4','_','_'
#elif defined(__aarch64__)
# define KEY '_','_','a','a','r','c','h','6','4','_','_'
#elif defined(__ARM_ARCH_7A__)
# define KEY '_','_','A','R','M','_','A','R','C','H','_','7','A','_','_'
#elif defined(__ARM_ARCH_7S__)
# define KEY '_','_','A','R','M','_','A','R','C','H','_','7','S','_','_'
#endif

#define SIZE (sizeof(off64_t))
char info_size[] =  {'I', 'N', 'F', 'O', ':', 's','i','z','e','[',
  ('0' + ((SIZE / 10000)%10)),
  ('0' + ((SIZE / 1000)%10)),
  ('0' + ((SIZE / 100)%10)),
  ('0' + ((SIZE / 10)%10)),
  ('0' +  (SIZE    % 10)),
  ']',
#ifdef KEY
  ' ','k','e','y','[', KEY, ']',
#endif
  '\0'};

#ifdef __CLASSIC_C__
int main(argc, argv) int argc; char *argv[];
#else
int main(int argc, char *argv[])
#endif
{
  int require = 0;
  require += info_size[argc];
  (void)argv;
  return require;
}


Determining if the function fseeko exists failed with the following output:
Change Dir: E:/2nd Year/Graphics/Project/Jumanji/Jumanji/build/CMakeFiles/CMakeTmp

Run Build Command:"C:/Program Files (x86)/MSBuild/14.0/bin/MSBuild.exe" "cmTC_0da77.vcxproj" "/p:Configuration=Debug" "/p:VisualStudioVersion=14.0"
Microsoft (R) Build Engine version 14.0.25420.1
Copyright (C) Microsoft Corporation. All rights reserved.

Build started 12/1/2017 8:34:36 PM.
Project "E:\2nd Year\Graphics\Project\Jumanji\Jumanji\build\CMakeFiles\CMakeTmp\cmTC_0da77.vcxproj" on node 1 (default targets).
PrepareForBuild:
  Creating directory "cmTC_0da77.dir\Debug\".
  Creating directory "E:\2nd Year\Graphics\Project\Jumanji\Jumanji\build\CMakeFiles\CMakeTmp\Debug\".
  Creating directory "cmTC_0da77.dir\Debug\cmTC_0da77.tlog\".
InitializeBuildStatus:
  Creating "cmTC_0da77.dir\Debug\cmTC_0da77.tlog\unsuccessfulbuild" because "AlwaysCreate" was specified.
ClCompile:
  C:\Program Files (x86)\Microsoft Visual Studio 14.0\VC\bin\x86_amd64\CL.exe /c /Zi /W3 /WX- /Od /Ob0 /D WIN32 /D _WINDOWS /D CHECK_FUNCTION_EXISTS=fseeko /D "CMAKE_INTDIR=\"Debug\"" /D _MBCS /Gm- /RTC1 /MDd /GS /fp:precise /Zc:wchar_t /Zc:forScope /Zc:inline /Fo"cmTC_0da77.dir\Debug\\" /Fd"cmTC_0da77.dir\Debug\vc140.pdb" /Gd /TC /errorReport:queue "C:\Program Files\CMake\share\cmake-3.10\Modules\CheckFunctionExists.c"
  Microsoft (R) C/C++ Optimizing Compiler Version 19.00.24215.1 for x64
  Copyright (C) Microsoft Corporation.  All rights reserved.
  
  cl /c /Zi /W3 /WX- /Od /Ob0 /D WIN32 /D _WINDOWS /D CHECK_FUNCTION_EXISTS=fseeko /D "CMAKE_INTDIR=\"Debug\"" /D _MBCS /Gm- /RTC1 /MDd /GS /fp:precise /Zc:wchar_t /Zc:forScope /Zc:inline /Fo"cmTC_0da77.dir\Debug\\" /Fd"cmTC_0da77.dir\Debug\vc140.pdb" /Gd /TC /errorReport:queue "C:\Program Files\CMake\share\cmake-3.10\Modules\CheckFunctionExists.c"
  
  CheckFunctionExists.c
Link:
  C:\Program Files (x86)\Microsoft Visual Studio 14.0\VC\bin\x86_amd64\link.exe /ERRORREPORT:QUEUE /OUT:"E:\2nd Year\Graphics\Project\Jumanji\Jumanji\build\CMakeFiles\CMakeTmp\Debug\cmTC_0da77.exe" /INCREMENTAL /NOLOGO kernel32.lib user32.lib gdi32.lib winspool.lib shell32.lib ole32.lib oleaut32.lib uuid.lib comdlg32.lib advapi32.lib /MANIFEST /MANIFESTUAC:"level='asInvoker' uiAccess='false'" /manifest:embed /DEBUG /PDB:"E:/2nd Year/Graphics/Project/Jumanji/Jumanji/build/CMakeFiles/CMakeTmp/Debug/cmTC_0da77.pdb" /SUBSYSTEM:CONSOLE /TLBID:1 /DYNAMICBASE /NXCOMPAT /IMPLIB:"E:/2nd Year/Graphics/Project/Jumanji/Jumanji/build/CMakeFiles/CMakeTmp/Debug/cmTC_0da77.lib" /MACHINE:X64  /machine:x64 cmTC_0da77.dir\Debug\CheckFunctionExists.obj
CheckFunctionExists.obj : error LNK2019: unresolved external symbol fseeko referenced in function main [E:\2nd Year\Graphics\Project\Jumanji\Jumanji\build\CMakeFiles\CMakeTmp\cmTC_0da77.vcxproj]
E:\2nd Year\Graphics\Project\Jumanji\Jumanji\build\CMakeFiles\CMakeTmp\Debug\cmTC_0da77.exe : fatal error LNK1120: 1 unresolved externals [E:\2nd Year\Graphics\Project\Jumanji\Jumanji\build\CMakeFiles\CMakeTmp\cmTC_0da77.vcxproj]
Done Building Project "E:\2nd Year\Graphics\Project\Jumanji\Jumanji\build\CMakeFiles\CMakeTmp\cmTC_0da77.vcxproj" (default targets) -- FAILED.

Build FAILED.

"E:\2nd Year\Graphics\Project\Jumanji\Jumanji\build\CMakeFiles\CMakeTmp\cmTC_0da77.vcxproj" (default target) (1) ->
(Link target) -> 
  CheckFunctionExists.obj : error LNK2019: unresolved external symbol fseeko referenced in function main [E:\2nd Year\Graphics\Project\Jumanji\Jumanji\build\CMakeFiles\CMakeTmp\cmTC_0da77.vcxproj]
  E:\2nd Year\Graphics\Project\Jumanji\Jumanji\build\CMakeFiles\CMakeTmp\Debug\cmTC_0da77.exe : fatal error LNK1120: 1 unresolved externals [E:\2nd Year\Graphics\Project\Jumanji\Jumanji\build\CMakeFiles\CMakeTmp\cmTC_0da77.vcxproj]

    0 Warning(s)
    2 Error(s)

Time Elapsed 00:00:01.06


Determining if the include file unistd.h exists failed with the following output:
Change Dir: E:/2nd Year/Graphics/Project/Jumanji/Jumanji/build/CMakeFiles/CMakeTmp

Run Build Command:"C:/Program Files (x86)/MSBuild/14.0/bin/MSBuild.exe" "cmTC_f9532.vcxproj" "/p:Configuration=Debug" "/p:VisualStudioVersion=14.0"
Microsoft (R) Build Engine version 14.0.25420.1
Copyright (C) Microsoft Corporation. All rights reserved.

Build started 12/1/2017 8:34:37 PM.
Project "E:\2nd Year\Graphics\Project\Jumanji\Jumanji\build\CMakeFiles\CMakeTmp\cmTC_f9532.vcxproj" on node 1 (default targets).
PrepareForBuild:
  Creating directory "cmTC_f9532.dir\Debug\".
  Creating directory "E:\2nd Year\Graphics\Project\Jumanji\Jumanji\build\CMakeFiles\CMakeTmp\Debug\".
  Creating directory "cmTC_f9532.dir\Debug\cmTC_f9532.tlog\".
InitializeBuildStatus:
  Creating "cmTC_f9532.dir\Debug\cmTC_f9532.tlog\unsuccessfulbuild" because "AlwaysCreate" was specified.
ClCompile:
  C:\Program Files (x86)\Microsoft Visual Studio 14.0\VC\bin\x86_amd64\CL.exe /c /Zi /W3 /WX- /Od /Ob0 /D WIN32 /D _WINDOWS /D "CMAKE_INTDIR=\"Debug\"" /D _MBCS /Gm- /RTC1 /MDd /GS /fp:precise /Zc:wchar_t /Zc:forScope /Zc:inline /Fo"cmTC_f9532.dir\Debug\\" /Fd"cmTC_f9532.dir\Debug\vc140.pdb" /Gd /TC /errorReport:queue "E:\2nd Year\Graphics\Project\Jumanji\Jumanji\build\CMakeFiles\CMakeTmp\CheckIncludeFile.c"
  Microsoft (R) C/C++ Optimizing Compiler Version 19.00.24215.1 for x64
  Copyright (C) Microsoft Corporation.  All rights reserved.
  
  cl /c /Zi /W3 /WX- /Od /Ob0 /D WIN32 /D _WINDOWS /D "CMAKE_INTDIR=\"Debug\"" /D _MBCS /Gm- /RTC1 /MDd /GS /fp:precise /Zc:wchar_t /Zc:forScope /Zc:inline /Fo"cmTC_f9532.dir\Debug\\" /Fd"cmTC_f9532.dir\Debug\vc140.pdb" /Gd /TC /errorReport:queue "E:\2nd Year\Graphics\Project\Jumanji\Jumanji\build\CMakeFiles\CMakeTmp\CheckIncludeFile.c"
  
  CheckIncludeFile.c
E:\2nd Year\Graphics\Project\Jumanji\Jumanji\build\CMakeFiles\CMakeTmp\CheckIncludeFile.c(1): fatal error C1083: Cannot open include file: 'unistd.h': No such file or directory [E:\2nd Year\Graphics\Project\Jumanji\Jumanji\build\CMakeFiles\CMakeTmp\cmTC_f9532.vcxproj]
Done Building Project "E:\2nd Year\Graphics\Project\Jumanji\Jumanji\build\CMakeFiles\CMakeTmp\cmTC_f9532.vcxproj" (default targets) -- FAILED.

Build FAILED.

"E:\2nd Year\Graphics\Project\Jumanji\Jumanji\build\CMakeFiles\CMakeTmp\cmTC_f9532.vcxproj" (default target) (1) ->
(ClCompile target) -> 
  E:\2nd Year\Graphics\Project\Jumanji\Jumanji\build\CMakeFiles\CMakeTmp\CheckIncludeFile.c(1): fatal error C1083: Cannot open include file: 'unistd.h': No such file or directory [E:\2nd Year\Graphics\Project\Jumanji\Jumanji\build\CMakeFiles\CMakeTmp\cmTC_f9532.vcxproj]

    0 Warning(s)
    1 Error(s)

Time Elapsed 00:00:00.81


